0 info it worked if it ends with ok
1 verbose cli [ '/usr/bin/node', '/usr/bin/npm', 'install' ]
2 info using npm@1.4.28
3 info using node@v0.10.38
4 verbose node symlink /usr/bin/node
5 warn package.json teste@0.0.0 No description
6 warn package.json teste@0.0.0 No repository field.
7 warn package.json teste@0.0.0 No README data
8 verbose readDependencies using package.json deps
9 verbose install where, deps [ '/home/matheus/teste',
9 verbose install   [ 'body-parser',
9 verbose install     'cookie-parser',
9 verbose install     'debug',
9 verbose install     'express',
9 verbose install     'jade',
9 verbose install     'morgan',
9 verbose install     'serve-favicon',
9 verbose install     'express-load',
9 verbose install     'mongoose' ] ]
10 info preinstall teste@0.0.0
11 verbose readDependencies using package.json deps
12 verbose already installed skipping body-parser@~1.13.1 /home/matheus/teste
13 verbose already installed skipping cookie-parser@~1.3.5 /home/matheus/teste
14 verbose already installed skipping debug@~2.2.0 /home/matheus/teste
15 verbose already installed skipping express@~3.4.7 /home/matheus/teste
16 verbose already installed skipping jade@~1.11.0 /home/matheus/teste
17 verbose already installed skipping morgan@~1.6.1 /home/matheus/teste
18 verbose already installed skipping serve-favicon@~2.3.0 /home/matheus/teste
19 verbose already installed skipping express-load@* /home/matheus/teste
20 verbose cache add [ 'mongoose@*', null ]
21 verbose cache add name=undefined spec="mongoose@*" args=["mongoose@*",null]
22 verbose parsed url { protocol: null,
22 verbose parsed url   slashes: null,
22 verbose parsed url   auth: null,
22 verbose parsed url   host: null,
22 verbose parsed url   port: null,
22 verbose parsed url   hostname: null,
22 verbose parsed url   hash: null,
22 verbose parsed url   search: null,
22 verbose parsed url   query: null,
22 verbose parsed url   pathname: 'mongoose@*',
22 verbose parsed url   path: 'mongoose@*',
22 verbose parsed url   href: 'mongoose@*' }
23 verbose cache add name="mongoose" spec="*" args=["mongoose","*"]
24 verbose parsed url { protocol: null,
24 verbose parsed url   slashes: null,
24 verbose parsed url   auth: null,
24 verbose parsed url   host: null,
24 verbose parsed url   port: null,
24 verbose parsed url   hostname: null,
24 verbose parsed url   hash: null,
24 verbose parsed url   search: null,
24 verbose parsed url   query: null,
24 verbose parsed url   pathname: '*',
24 verbose parsed url   path: '*',
24 verbose parsed url   href: '*' }
25 verbose addNamed [ 'mongoose', '*' ]
26 verbose addNamed [ null, '*' ]
27 silly lockFile e0858070-mongoose mongoose@*
28 verbose lock mongoose@* /home/matheus/.npm/e0858070-mongoose.lock
29 silly addNameRange { name: 'mongoose', range: '*', hasData: false }
30 verbose request where is /mongoose
31 verbose request registry https://registry.npmjs.org/
32 verbose request id 94ff3eaf27f1b04b
33 verbose url raw /mongoose
34 verbose url resolving [ 'https://registry.npmjs.org/', './mongoose' ]
35 verbose url resolved https://registry.npmjs.org/mongoose
36 verbose request where is https://registry.npmjs.org/mongoose
37 info trying registry request attempt 1 at 23:26:54
38 verbose etag "7B9YFA1D2Y8HQ6FSAZV115ACK"
39 http GET https://registry.npmjs.org/mongoose
40 http 304 https://registry.npmjs.org/mongoose
41 silly registry.get cb [ 304,
41 silly registry.get   { date: 'Fri, 10 Jul 2015 02:27:03 GMT',
41 silly registry.get     via: '1.1 varnish',
41 silly registry.get     'cache-control': 'max-age=60',
41 silly registry.get     etag: '"7B9YFA1D2Y8HQ6FSAZV115ACK"',
41 silly registry.get     age: '0',
41 silly registry.get     connection: 'keep-alive',
41 silly registry.get     'x-served-by': 'cache-iad2138-IAD',
41 silly registry.get     'x-cache': 'HIT',
41 silly registry.get     'x-cache-hits': '1',
41 silly registry.get     'x-timer': 'S1436495223.907665,VS0,VE368',
41 silly registry.get     vary: 'Accept' } ]
42 verbose etag https://registry.npmjs.org/mongoose from cache
43 silly addNameRange number 2 { name: 'mongoose', range: '*', hasData: true }
44 silly addNameRange versions [ 'mongoose',
44 silly addNameRange   [ '0.0.1',
44 silly addNameRange     '0.0.2',
44 silly addNameRange     '0.0.3',
44 silly addNameRange     '0.0.4',
44 silly addNameRange     '0.0.5',
44 silly addNameRange     '1.0.0',
44 silly addNameRange     '1.0.1',
44 silly addNameRange     '1.0.2',
44 silly addNameRange     '0.0.6',
44 silly addNameRange     '1.0.3',
44 silly addNameRange     '1.0.4',
44 silly addNameRange     '1.0.5',
44 silly addNameRange     '1.0.6',
44 silly addNameRange     '1.0.7',
44 silly addNameRange     '1.0.8',
44 silly addNameRange     '1.0.10',
44 silly addNameRange     '1.0.11',
44 silly addNameRange     '1.0.12',
44 silly addNameRange     '1.0.13',
44 silly addNameRange     '1.0.14',
44 silly addNameRange     '1.0.15',
44 silly addNameRange     '1.0.16',
44 silly addNameRange     '1.1.0',
44 silly addNameRange     '1.1.1',
44 silly addNameRange     '1.1.2',
44 silly addNameRange     '1.1.3',
44 silly addNameRange     '1.1.4',
44 silly addNameRange     '1.1.5',
44 silly addNameRange     '1.1.6',
44 silly addNameRange     '1.1.7',
44 silly addNameRange     '1.1.8',
44 silly addNameRange     '1.1.9',
44 silly addNameRange     '1.1.10',
44 silly addNameRange     '1.1.11',
44 silly addNameRange     '1.1.12',
44 silly addNameRange     '1.1.13',
44 silly addNameRange     '1.1.14',
44 silly addNameRange     '1.1.15',
44 silly addNameRange     '1.1.16',
44 silly addNameRange     '1.1.17',
44 silly addNameRange     '1.1.18',
44 silly addNameRange     '1.1.19',
44 silly addNameRange     '1.1.20',
44 silly addNameRange     '1.1.21',
44 silly addNameRange     '1.1.22',
44 silly addNameRange     '1.1.23',
44 silly addNameRange     '1.1.24',
44 silly addNameRange     '1.1.25',
44 silly addNameRange     '1.2.0',
44 silly addNameRange     '1.3.0',
44 silly addNameRange     '1.3.1',
44 silly addNameRange     '1.3.2',
44 silly addNameRange     '1.3.3',
44 silly addNameRange     '1.3.4',
44 silly addNameRange     '1.3.5',
44 silly addNameRange     '1.3.6',
44 silly addNameRange     '1.3.7',
44 silly addNameRange     '1.4.0',
44 silly addNameRange     '1.5.0',
44 silly addNameRange     '1.6.0',
44 silly addNameRange     '1.7.2',
44 silly addNameRange     '1.7.3',
44 silly addNameRange     '1.7.4',
44 silly addNameRange     '1.8.0',
44 silly addNameRange     '1.8.1',
44 silly addNameRange     '1.8.2',
44 silly addNameRange     '1.8.3',
44 silly addNameRange     '1.8.4',
44 silly addNameRange     '2.0.0',
44 silly addNameRange     '2.0.1',
44 silly addNameRange     '2.0.2',
44 silly addNameRange     '2.0.3',
44 silly addNameRange     '2.0.4',
44 silly addNameRange     '2.1.0',
44 silly addNameRange     '2.1.1',
44 silly addNameRange     '2.1.2',
44 silly addNameRange     '2.1.3',
44 silly addNameRange     '2.1.4',
44 silly addNameRange     '2.2.0',
44 silly addNameRange     '2.2.1',
44 silly addNameRange     '2.2.2',
44 silly addNameRange     '2.2.3',
44 silly addNameRange     '2.2.4',
44 silly addNameRange     '2.3.0',
44 silly addNameRange     '2.3.1',
44 silly addNameRange     '2.3.2',
44 silly addNameRange     '2.3.3',
44 silly addNameRange     '2.3.4',
44 silly addNameRange     '2.3.5',
44 silly addNameRange     '2.3.6',
44 silly addNameRange     '2.3.7',
44 silly addNameRange     '2.3.8',
44 silly addNameRange     '2.3.9',
44 silly addNameRange     '2.3.10',
44 silly addNameRange     '2.3.11',
44 silly addNameRange     '2.3.12',
44 silly addNameRange     '2.3.13',
44 silly addNameRange     '2.4.0',
44 silly addNameRange     '2.4.1',
44 silly addNameRange     '2.4.2',
44 silly addNameRange     '2.4.3',
44 silly addNameRange     '2.4.4',
44 silly addNameRange     '2.4.5',
44 silly addNameRange     '2.4.6',
44 silly addNameRange     '2.4.7',
44 silly addNameRange     '2.4.8',
44 silly addNameRange     '2.4.9',
44 silly addNameRange     '2.4.10',
44 silly addNameRange     '2.5.0',
44 silly addNameRange     '2.5.1',
44 silly addNameRange     '2.5.2',
44 silly addNameRange     '2.5.3',
44 silly addNameRange     '2.5.4',
44 silly addNameRange     '2.5.5',
44 silly addNameRange     '2.5.6',
44 silly addNameRange     '2.5.7',
44 silly addNameRange     '2.5.8',
44 silly addNameRange     '2.5.9',
44 silly addNameRange     '2.5.10',
44 silly addNameRange     '2.5.11',
44 silly addNameRange     '2.5.12',
44 silly addNameRange     '2.5.13',
44 silly addNameRange     '2.5.14',
44 silly addNameRange     '2.6.0',
44 silly addNameRange     '2.6.1',
44 silly addNameRange     '2.6.2',
44 silly addNameRange     '2.6.3',
44 silly addNameRange     '2.6.4',
44 silly addNameRange     '2.6.5',
44 silly addNameRange     '2.6.6',
44 silly addNameRange     '2.6.7',
44 silly addNameRange     '2.6.8',
44 silly addNameRange     '2.7.0',
44 silly addNameRange     '2.7.1',
44 silly addNameRange     '2.7.2',
44 silly addNameRange     '2.7.4',
44 silly addNameRange     '2.7.3',
44 silly addNameRange     '3.0.0',
44 silly addNameRange     '3.0.1',
44 silly addNameRange     '3.0.2',
44 silly addNameRange     '2.8.0',
44 silly addNameRange     '3.0.3',
44 silly addNameRange     '3.1.0',
44 silly addNameRange     '2.8.1',
44 silly addNameRange     '3.1.1',
44 silly addNameRange     '2.8.2',
44 silly addNameRange     '2.8.3',
44 silly addNameRange     '2.9.0',
44 silly addNameRange     '3.2.0',
44 silly addNameRange     '2.9.1',
44 silly addNameRange     '3.2.1',
44 silly addNameRange     '2.9.2',
44 silly addNameRange     '3.2.2',
44 silly addNameRange     '3.3.0',
44 silly addNameRange     '3.3.1',
44 silly addNameRange     '2.9.3',
44 silly addNameRange     '3.4.0',
44 silly addNameRange     '2.9.4',
44 silly addNameRange     '2.9.5',
44 silly addNameRange     '3.5.0',
44 silly addNameRange     '3.5.1',
44 silly addNameRange     '3.5.2',
44 silly addNameRange     '3.5.3',
44 silly addNameRange     '2.9.6',
44 silly addNameRange     '2.9.7',
44 silly addNameRange     '3.5.4',
44 silly addNameRange     '3.5.5',
44 silly addNameRange     '2.9.8',
44 silly addNameRange     '2.9.9',
44 silly addNameRange     '3.5.6',
44 silly addNameRange     '3.5.7',
44 silly addNameRange     '3.5.8',
44 silly addNameRange     '2.9.10',
44 silly addNameRange     '3.5.9',
44 silly addNameRange     '3.6.2',
44 silly addNameRange     '3.5.10',
44 silly addNameRange     '3.6.3',
44 silly addNameRange     '3.5.11',
44 silly addNameRange     '3.6.4',
44 silly addNameRange     '3.6.5',
44 silly addNameRange     '3.6.6',
44 silly addNameRange     '3.6.7',
44 silly addNameRange     '3.5.12',
44 silly addNameRange     '3.6.8',
44 silly addNameRange     '3.6.9',
44 silly addNameRange     '3.6.10',
44 silly addNameRange     '3.5.13',
44 silly addNameRange     '3.5.14',
44 silly addNameRange     '3.6.11',
44 silly addNameRange     '3.6.12',
44 silly addNameRange     '3.6.13',
44 silly addNameRange     '3.6.14',
44 silly addNameRange     '3.6.15',
44 silly addNameRange     '3.5.15',
44 silly addNameRange     '3.7.0',
44 silly addNameRange     '3.6.16',
44 silly addNameRange     '3.5.16',
44 silly addNameRange     '3.6.17',
44 silly addNameRange     '3.7.2',
44 silly addNameRange     '3.0.0-alpha1',
44 silly addNameRange     '3.0.0-alpha2',
44 silly addNameRange     '3.0.0-rc0',
44 silly addNameRange     '3.6.0-rc0',
44 silly addNameRange     '3.6.0-rc1',
44 silly addNameRange     '3.6.18',
44 silly addNameRange     '3.7.3',
44 silly addNameRange     '3.6.19',
44 silly addNameRange     '3.6.20',
44 silly addNameRange     '3.7.4',
44 silly addNameRange     '3.8.0',
44 silly addNameRange     '3.8.1',
44 silly addNameRange     '3.8.2',
44 silly addNameRange     '3.8.3',
44 silly addNameRange     '3.8.4',
44 silly addNameRange     '3.8.5',
44 silly addNameRange     '3.8.6',
44 silly addNameRange     '3.8.7',
44 silly addNameRange     '3.8.8',
44 silly addNameRange     '3.8.9',
44 silly addNameRange     '3.8.10',
44 silly addNameRange     '3.8.11',
44 silly addNameRange     '3.9.0',
44 silly addNameRange     '3.8.12',
44 silly addNameRange     '3.8.13',
44 silly addNameRange     '3.8.14',
44 silly addNameRange     '3.8.15',
44 silly addNameRange     '3.9.1',
44 silly addNameRange     '3.8.16',
44 silly addNameRange     '3.9.2',
44 silly addNameRange     '3.8.17',
44 silly addNameRange     '3.9.3',
44 silly addNameRange     '3.8.18',
44 silly addNameRange     '3.9.4',
44 silly addNameRange     '3.8.19',
44 silly addNameRange     '3.9.5',
44 silly addNameRange     '3.8.20',
44 silly addNameRange     '3.9.6',
44 silly addNameRange     '3.8.21',
44 silly addNameRange     '3.9.7',
44 silly addNameRange     '3.8.22',
44 silly addNameRange     '4.0.0-rc0',
44 silly addNameRange     '4.0.0-rc1',
44 silly addNameRange     '3.8.23',
44 silly addNameRange     '4.0.0-rc2',
44 silly addNameRange     '3.8.24',
44 silly addNameRange     '4.0.0-rc3',
44 silly addNameRange     '3.8.25',
44 silly addNameRange     '4.0.0-rc4',
44 silly addNameRange     '4.0.0',
44 silly addNameRange     '4.0.1',
44 silly addNameRange     '3.8.26',
44 silly addNameRange     '3.8.27',
44 silly addNameRange     '4.0.2',
44 silly addNameRange     '3.8.28',
44 silly addNameRange     '4.0.3',
44 silly addNameRange     '3.8.29',
44 silly addNameRange     '4.0.4',
44 silly addNameRange     '3.8.30',
44 silly addNameRange     '4.0.5',
44 silly addNameRange     '3.8.31',
44 silly addNameRange     '4.0.6' ] ]
45 verbose addNamed [ 'mongoose', '4.0.6' ]
46 verbose addNamed [ '4.0.6', '4.0.6' ]
47 silly lockFile 227d9fa2-mongoose-4-0-6 mongoose@4.0.6
48 verbose lock mongoose@4.0.6 /home/matheus/.npm/227d9fa2-mongoose-4-0-6.lock
49 silly lockFile 1a058346--org-mongoose-mongoose-4-0-6-tgz https://registry.npmjs.org/mongoose/-/mongoose-4.0.6.tgz
50 verbose lock https://registry.npmjs.org/mongoose/-/mongoose-4.0.6.tgz /home/matheus/.npm/1a058346--org-mongoose-mongoose-4-0-6-tgz.lock
51 verbose addRemoteTarball [ 'https://registry.npmjs.org/mongoose/-/mongoose-4.0.6.tgz',
51 verbose addRemoteTarball   '151203fecd1042a7787eb13214d0be85dfc55d94' ]
52 info retry fetch attempt 1 at 23:27:04
53 verbose fetch to= /tmp/npm-22200-sKgKrrYy/registry.npmjs.org/mongoose/-/mongoose-4.0.6.tgz
54 http GET https://registry.npmjs.org/mongoose/-/mongoose-4.0.6.tgz
55 http 200 https://registry.npmjs.org/mongoose/-/mongoose-4.0.6.tgz
56 silly lockFile 1a058346--org-mongoose-mongoose-4-0-6-tgz https://registry.npmjs.org/mongoose/-/mongoose-4.0.6.tgz
57 silly lockFile 1a058346--org-mongoose-mongoose-4-0-6-tgz https://registry.npmjs.org/mongoose/-/mongoose-4.0.6.tgz
58 silly lockFile 227d9fa2-mongoose-4-0-6 mongoose@4.0.6
59 silly lockFile 227d9fa2-mongoose-4-0-6 mongoose@4.0.6
60 silly lockFile e0858070-mongoose mongoose@*
61 silly lockFile e0858070-mongoose mongoose@*
62 error Error: EACCES, mkdir '/home/matheus/.npm/mongoose/4.0.6'
62 error  { [Error: EACCES, mkdir '/home/matheus/.npm/mongoose/4.0.6']
62 error   errno: 3,
62 error   code: 'EACCES',
62 error   path: '/home/matheus/.npm/mongoose/4.0.6',
62 error   parent: 'teste' }
63 error Please try running this command again as root/Administrator.
64 error System Linux 3.2.0-51-generic
65 error command "/usr/bin/node" "/usr/bin/npm" "install"
66 error cwd /home/matheus/teste
67 error node -v v0.10.38
68 error npm -v 1.4.28
69 error path /home/matheus/.npm/mongoose/4.0.6
70 error code EACCES
71 error errno 3
72 error stack Error: EACCES, mkdir '/home/matheus/.npm/mongoose/4.0.6'
73 verbose exit [ 3, true ]
